\BOOKMARK [1][-]{section.1}{مقدمه}{}% 1
\BOOKMARK [2][-]{subsection.1.1}{ویژگی‌های کلیدی}{section.1}% 2
\BOOKMARK [1][-]{section.2}{تابع شایستگی}{}% 3
\BOOKMARK [2][-]{subsection.2.1}{چرا از این تابع شایستگی استفاده شد؟}{section.2}% 4
\BOOKMARK [2][-]{subsection.2.2}{دلایل انتخاب این روش:}{section.2}% 5
\BOOKMARK [3][-]{subsubsection.2.2.1}{استفاده از خطای مربعی \(result**2\)}{subsection.2.2}% 6
\BOOKMARK [3][-]{subsubsection.2.2.2}{معکوس خطا \(1.0 / total_error\)}{subsection.2.2}% 7
\BOOKMARK [3][-]{subsubsection.2.2.3}{مدیریت استثناء}{subsection.2.2}% 8
\BOOKMARK [3][-]{subsubsection.2.2.4}{تشخیص جواب دقیق}{subsection.2.2}% 9
\BOOKMARK [1][-]{section.3}{روش‌های جایگزین تابع شایستگی}{}% 10
\BOOKMARK [2][-]{subsection.3.1}{روش خطای خطی \(Linear Error\)}{section.3}% 11
\BOOKMARK [2][-]{subsection.3.2}{روش خطای لگاریتمی \(Logarithmic Error\)}{section.3}% 12
\BOOKMARK [2][-]{subsection.3.3}{روش وزن‌دار \(Weighted Error\)}{section.3}% 13
\BOOKMARK [2][-]{subsection.3.4}{روش نرمالایز شده \(Normalized Error\)}{section.3}% 14
\BOOKMARK [2][-]{subsection.3.5}{روش تطبیقی \(Adaptive Fitness\)}{section.3}% 15
\BOOKMARK [2][-]{subsection.3.6}{روش ترکیبی چندگانه \(Multi-Objective\)}{section.3}% 16
\BOOKMARK [1][-]{section.4}{جمع‌بندی تابع شایستگی}{}% 17
\BOOKMARK [2][-]{subsection.4.1}{چرا روش فعلی \(خطای مربعی معکوس\) بهترین انتخاب است؟}{section.4}% 18
\BOOKMARK [2][-]{subsection.4.2}{کی از روش‌های دیگر استفاده کنیم؟}{section.4}% 19
\BOOKMARK [1][-]{section.5}{عوامل مؤثر در الگوریتم ژنتیک}{}% 20
\BOOKMARK [2][-]{subsection.5.1}{فهرست عوامل به ترتیب اولویت}{section.5}% 21
\BOOKMARK [2][-]{subsection.5.2}{روش انتخاب \(Selection Strategy\)}{section.5}% 22
\BOOKMARK [3][-]{subsubsection.5.2.1}{تأثیر: بالا \(اولویت 1\)}{subsection.5.2}% 23
\BOOKMARK [3][-]{subsubsection.5.2.2}{روش استفاده شده در کد:}{subsection.5.2}% 24
\BOOKMARK [3][-]{subsubsection.5.2.3}{روش‌های جایگزین:}{subsection.5.2}% 25
\BOOKMARK [1][-]{section.6}{مثال‌های کاربردی}{}% 26
\BOOKMARK [2][-]{subsection.6.1}{حل سیستم معادلات خطی}{section.6}% 27
\BOOKMARK [2][-]{subsection.6.2}{حل سیستم معادلات غیرخطی}{section.6}% 28
\BOOKMARK [1][-]{section.7}{بهینه‌سازی پارامترها}{}% 29
\BOOKMARK [2][-]{subsection.7.1}{راهنمای تنظیم پارامترها}{section.7}% 30
\BOOKMARK [3][-]{subsubsection.7.1.1}{اندازه جمعیت \(Population Size\)}{subsection.7.1}% 31
\BOOKMARK [3][-]{subsubsection.7.1.2}{نرخ جهش \(Mutation Rate\)}{subsection.7.1}% 32
\BOOKMARK [3][-]{subsubsection.7.1.3}{اندازه تورنمنت \(Tournament Size\)}{subsection.7.1}% 33
\BOOKMARK [1][-]{section.8}{خطاهای رایج و راه‌حل‌ها}{}% 34
\BOOKMARK [2][-]{subsection.8.1}{همگرایی زودرس}{section.8}% 35
\BOOKMARK [2][-]{subsection.8.2}{همگرایی کند}{section.8}% 36
\BOOKMARK [1][-]{section.9}{مطالعات موردی}{}% 37
\BOOKMARK [2][-]{subsection.9.1}{سیستم معادلات درجه دوم}{section.9}% 38
\BOOKMARK [2][-]{subsection.9.2}{سیستم معادلات با پارامترهای کسری}{section.9}% 39
\BOOKMARK [1][-]{section.10}{نتیجه‌گیری}{}% 40
\BOOKMARK [2][-]{subsection.10.1}{نقاط قوت سیستم}{section.10}% 41
\BOOKMARK [2][-]{subsection.10.2}{محدودیت‌ها}{section.10}% 42
\BOOKMARK [2][-]{subsection.10.3}{پیشنهادات برای توسعه آینده}{section.10}% 43
\BOOKMARK [1][-]{section.11}{منابع و مراجع}{}% 44
\BOOKMARK [1][-]{section.12}{ضمائم}{}% 45
\BOOKMARK [2][-]{subsection.12.1}{ضمیمه الف: کد کامل کلاس اصلی}{section.12}% 46
\BOOKMARK [2][-]{subsection.12.2}{ضمیمه ب: مثال‌های تست}{section.12}% 47
\BOOKMARK [2][-]{subsection.12.3}{ضمیمه ج: جدول پارامترهای بهینه}{section.12}% 48
